<?xml version="1.0" encoding="UTF-8"?>
<!-- Generated by org.testng.reporters.JUnitXMLReporter -->
<testsuite ignored="0" hostname="TuhinKaAcer" failures="0" tests="4" name="Test" time="377.772" errors="0" timestamp="2020-05-18T18:33:30 EDT">
  <testcase classname="testCases.TC01_LoginTest" name="loginTest01" time="202.073"/>
  <testcase classname="testCases.TC02_LoginTest" name="loginTest02" time="104.122"/>
  <testcase classname="testCases.TC03_LoginTest" name="loginTest03" time="4.434"/>
  <testcase classname="testCases.TC04_LoginTest" name="loginTest04" time="4.823"/>
</testsuite> <!-- Test -->
