<?xml version="1.0" encoding="UTF-8"?>
<!-- Generated by org.testng.reporters.JUnitXMLReporter -->
<testsuite ignored="0" hostname="TuhinKaAcer" failures="0" tests="4" name="Test" time="311.33" errors="0" timestamp="2020-05-19T00:43:28 EDT">
  <testcase classname="testCases.TC01_LoginTest" name="loginTest01" time="90.782"/>
  <testcase classname="testCases.TC02_LoginTest" name="loginTest02" time="164.011"/>
  <testcase classname="testCases.TC03_LoginTest" name="loginTest03" time="2.602"/>
  <testcase classname="testCases.TC04_LoginTest" name="loginTest04" time="4.194"/>
</testsuite> <!-- Test -->
