<?xml version="1.0" encoding="UTF-8"?>
<testng-results ignored="0" total="4" passed="4" failed="0" skipped="0">
  <reporter-output>
    <line>
      <![CDATA[Screen Shot Taken]]>
    </line>
    <line>
      <![CDATA[Screen Shot Taken]]>
    </line>
    <line>
      <![CDATA[Screen Shot Taken]]>
    </line>
    <line>
      <![CDATA[Screen Shot Taken]]>
    </line>
  </reporter-output>
  <suite started-at="2020-05-19T00:38:15 EDT" name="Suite" finished-at="2020-05-19T00:43:26 EDT" duration-ms="311330">
    <groups>
    </groups>
    <test started-at="2020-05-19T00:38:15 EDT" name="Test" finished-at="2020-05-19T00:43:26 EDT" duration-ms="311330">
      <class name="testCases.TC03_LoginTest">
        <test-method is-config="true" signature="setUp(java.lang.String, java.lang.String)[pri:0, instance:testCases.TC03_LoginTest@26f75d9c]" started-at="2020-05-19T00:38:38 EDT" name="setUp" finished-at="2020-05-19T00:38:47 EDT" duration-ms="8651" status="PASS">
          <params>
            <param index="0">
              <value>
                <![CDATA[qa]]>
              </value>
            </param>
            <param index="1">
              <value>
                <![CDATA[chrome]]>
              </value>
            </param>
          </params>
          <reporter-output>
          </reporter-output>
        </test-method> <!-- setUp -->
        <test-method signature="loginTest03()[pri:0, instance:testCases.TC03_LoginTest@26f75d9c]" started-at="2020-05-19T00:43:12 EDT" name="loginTest03" finished-at="2020-05-19T00:43:14 EDT" duration-ms="2602" status="PASS">
          <reporter-output>
            <line>
              <![CDATA[Screen Shot Taken]]>
            </line>
          </reporter-output>
        </test-method> <!-- loginTest03 -->
        <test-method is-config="true" signature="endTest()[pri:0, instance:testCases.TC03_LoginTest@26f75d9c]" started-at="2020-05-19T00:43:21 EDT" name="endTest" finished-at="2020-05-19T00:43:24 EDT" duration-ms="2306" status="PASS">
          <reporter-output>
          </reporter-output>
        </test-method> <!-- endTest -->
      </class> <!-- testCases.TC03_LoginTest -->
      <class name="testCases.TC01_LoginTest">
        <test-method is-config="true" signature="setUp(java.lang.String, java.lang.String)[pri:0, instance:testCases.TC01_LoginTest@350567f1]" started-at="2020-05-19T00:38:15 EDT" name="setUp" finished-at="2020-05-19T00:38:31 EDT" duration-ms="15619" status="PASS">
          <params>
            <param index="0">
              <value>
                <![CDATA[qa]]>
              </value>
            </param>
            <param index="1">
              <value>
                <![CDATA[chrome]]>
              </value>
            </param>
          </params>
          <reporter-output>
          </reporter-output>
        </test-method> <!-- setUp -->
        <test-method signature="loginTest01()[pri:0, instance:testCases.TC01_LoginTest@350567f1]" started-at="2020-05-19T00:38:57 EDT" name="loginTest01" finished-at="2020-05-19T00:40:27 EDT" duration-ms="90782" status="PASS">
          <reporter-output>
            <line>
              <![CDATA[Screen Shot Taken]]>
            </line>
          </reporter-output>
        </test-method> <!-- loginTest01 -->
        <test-method is-config="true" signature="endTest()[pri:0, instance:testCases.TC01_LoginTest@350567f1]" started-at="2020-05-19T00:43:18 EDT" name="endTest" finished-at="2020-05-19T00:43:19 EDT" duration-ms="278" status="PASS">
          <reporter-output>
          </reporter-output>
        </test-method> <!-- endTest -->
      </class> <!-- testCases.TC01_LoginTest -->
      <class name="testCases.TC04_LoginTest">
        <test-method is-config="true" signature="setUp(java.lang.String, java.lang.String)[pri:0, instance:testCases.TC04_LoginTest@7717b4a0]" started-at="2020-05-19T00:38:47 EDT" name="setUp" finished-at="2020-05-19T00:38:57 EDT" duration-ms="9505" status="PASS">
          <params>
            <param index="0">
              <value>
                <![CDATA[qa]]>
              </value>
            </param>
            <param index="1">
              <value>
                <![CDATA[chrome]]>
              </value>
            </param>
          </params>
          <reporter-output>
          </reporter-output>
        </test-method> <!-- setUp -->
        <test-method signature="loginTest04()[pri:0, instance:testCases.TC04_LoginTest@7717b4a0]" started-at="2020-05-19T00:43:14 EDT" name="loginTest04" finished-at="2020-05-19T00:43:18 EDT" duration-ms="4194" status="PASS">
          <reporter-output>
            <line>
              <![CDATA[Screen Shot Taken]]>
            </line>
          </reporter-output>
        </test-method> <!-- loginTest04 -->
        <test-method is-config="true" signature="endTest()[pri:0, instance:testCases.TC04_LoginTest@7717b4a0]" started-at="2020-05-19T00:43:24 EDT" name="endTest" finished-at="2020-05-19T00:43:26 EDT" duration-ms="2650" status="PASS">
          <reporter-output>
          </reporter-output>
        </test-method> <!-- endTest -->
      </class> <!-- testCases.TC04_LoginTest -->
      <class name="testCases.TC02_LoginTest">
        <test-method is-config="true" signature="setUp(java.lang.String, java.lang.String)[pri:0, instance:testCases.TC02_LoginTest@1a5b7394]" started-at="2020-05-19T00:38:31 EDT" name="setUp" finished-at="2020-05-19T00:38:38 EDT" duration-ms="7824" status="PASS">
          <params>
            <param index="0">
              <value>
                <![CDATA[qa]]>
              </value>
            </param>
            <param index="1">
              <value>
                <![CDATA[chrome]]>
              </value>
            </param>
          </params>
          <reporter-output>
          </reporter-output>
        </test-method> <!-- setUp -->
        <test-method signature="loginTest02()[pri:0, instance:testCases.TC02_LoginTest@1a5b7394]" started-at="2020-05-19T00:40:28 EDT" name="loginTest02" finished-at="2020-05-19T00:43:12 EDT" duration-ms="164011" status="PASS">
          <reporter-output>
            <line>
              <![CDATA[Screen Shot Taken]]>
            </line>
          </reporter-output>
        </test-method> <!-- loginTest02 -->
        <test-method is-config="true" signature="endTest()[pri:0, instance:testCases.TC02_LoginTest@1a5b7394]" started-at="2020-05-19T00:43:19 EDT" name="endTest" finished-at="2020-05-19T00:43:21 EDT" duration-ms="2578" status="PASS">
          <reporter-output>
          </reporter-output>
        </test-method> <!-- endTest -->
      </class> <!-- testCases.TC02_LoginTest -->
    </test> <!-- Test -->
  </suite> <!-- Suite -->
</testng-results>
