<?xml version="1.0" encoding="UTF-8"?>
<testng-results ignored="0" total="4" passed="4" failed="0" skipped="0">
  <reporter-output>
    <line>
      <![CDATA[Screen Shot Taken]]>
    </line>
    <line>
      <![CDATA[Screen Shot Taken]]>
    </line>
    <line>
      <![CDATA[Screen Shot Taken]]>
    </line>
    <line>
      <![CDATA[Screen Shot Taken]]>
    </line>
  </reporter-output>
  <suite started-at="2020-05-18T18:27:10 EDT" name="Suite" finished-at="2020-05-18T18:33:28 EDT" duration-ms="377772">
    <groups>
    </groups>
    <test started-at="2020-05-18T18:27:10 EDT" name="Test" finished-at="2020-05-18T18:33:28 EDT" duration-ms="377772">
      <class name="testCases.TC03_LoginTest">
        <test-method is-config="true" signature="setUp(java.lang.String, java.lang.String)[pri:0, instance:testCases.TC03_LoginTest@15eb5ee5]" started-at="2020-05-18T18:27:42 EDT" name="setUp" finished-at="2020-05-18T18:27:52 EDT" duration-ms="10279" status="PASS">
          <params>
            <param index="0">
              <value>
                <![CDATA[qa]]>
              </value>
            </param>
            <param index="1">
              <value>
                <![CDATA[chrome]]>
              </value>
            </param>
          </params>
          <reporter-output>
          </reporter-output>
        </test-method> <!-- setUp -->
        <test-method signature="loginTest03()[pri:0, instance:testCases.TC03_LoginTest@15eb5ee5]" started-at="2020-05-18T18:33:08 EDT" name="loginTest03" finished-at="2020-05-18T18:33:13 EDT" duration-ms="4434" status="PASS">
          <reporter-output>
            <line>
              <![CDATA[Screen Shot Taken]]>
            </line>
          </reporter-output>
        </test-method> <!-- loginTest03 -->
        <test-method is-config="true" signature="endTest()[pri:0, instance:testCases.TC03_LoginTest@15eb5ee5]" started-at="2020-05-18T18:33:22 EDT" name="endTest" finished-at="2020-05-18T18:33:25 EDT" duration-ms="2822" status="PASS">
          <reporter-output>
          </reporter-output>
        </test-method> <!-- endTest -->
      </class> <!-- testCases.TC03_LoginTest -->
      <class name="testCases.TC01_LoginTest">
        <test-method is-config="true" signature="setUp(java.lang.String, java.lang.String)[pri:0, instance:testCases.TC01_LoginTest@3d74bf60]" started-at="2020-05-18T18:27:10 EDT" name="setUp" finished-at="2020-05-18T18:27:28 EDT" duration-ms="18550" status="PASS">
          <params>
            <param index="0">
              <value>
                <![CDATA[qa]]>
              </value>
            </param>
            <param index="1">
              <value>
                <![CDATA[chrome]]>
              </value>
            </param>
          </params>
          <reporter-output>
          </reporter-output>
        </test-method> <!-- setUp -->
        <test-method signature="loginTest01()[pri:0, instance:testCases.TC01_LoginTest@3d74bf60]" started-at="2020-05-18T18:28:02 EDT" name="loginTest01" finished-at="2020-05-18T18:31:24 EDT" duration-ms="202073" status="PASS">
          <reporter-output>
            <line>
              <![CDATA[Screen Shot Taken]]>
            </line>
          </reporter-output>
        </test-method> <!-- loginTest01 -->
        <test-method is-config="true" signature="endTest()[pri:0, instance:testCases.TC01_LoginTest@3d74bf60]" started-at="2020-05-18T18:33:18 EDT" name="endTest" finished-at="2020-05-18T18:33:20 EDT" duration-ms="2671" status="PASS">
          <reporter-output>
          </reporter-output>
        </test-method> <!-- endTest -->
      </class> <!-- testCases.TC01_LoginTest -->
      <class name="testCases.TC04_LoginTest">
        <test-method is-config="true" signature="setUp(java.lang.String, java.lang.String)[pri:0, instance:testCases.TC04_LoginTest@2145b572]" started-at="2020-05-18T18:27:52 EDT" name="setUp" finished-at="2020-05-18T18:28:02 EDT" duration-ms="9834" status="PASS">
          <params>
            <param index="0">
              <value>
                <![CDATA[qa]]>
              </value>
            </param>
            <param index="1">
              <value>
                <![CDATA[chrome]]>
              </value>
            </param>
          </params>
          <reporter-output>
          </reporter-output>
        </test-method> <!-- setUp -->
        <test-method signature="loginTest04()[pri:0, instance:testCases.TC04_LoginTest@2145b572]" started-at="2020-05-18T18:33:13 EDT" name="loginTest04" finished-at="2020-05-18T18:33:18 EDT" duration-ms="4823" status="PASS">
          <reporter-output>
            <line>
              <![CDATA[Screen Shot Taken]]>
            </line>
          </reporter-output>
        </test-method> <!-- loginTest04 -->
        <test-method is-config="true" signature="endTest()[pri:0, instance:testCases.TC04_LoginTest@2145b572]" started-at="2020-05-18T18:33:25 EDT" name="endTest" finished-at="2020-05-18T18:33:28 EDT" duration-ms="2834" status="PASS">
          <reporter-output>
          </reporter-output>
        </test-method> <!-- endTest -->
      </class> <!-- testCases.TC04_LoginTest -->
      <class name="testCases.TC02_LoginTest">
        <test-method is-config="true" signature="setUp(java.lang.String, java.lang.String)[pri:0, instance:testCases.TC02_LoginTest@4f209819]" started-at="2020-05-18T18:27:28 EDT" name="setUp" finished-at="2020-05-18T18:27:42 EDT" duration-ms="13069" status="PASS">
          <params>
            <param index="0">
              <value>
                <![CDATA[qa]]>
              </value>
            </param>
            <param index="1">
              <value>
                <![CDATA[chrome]]>
              </value>
            </param>
          </params>
          <reporter-output>
          </reporter-output>
        </test-method> <!-- setUp -->
        <test-method signature="loginTest02()[pri:0, instance:testCases.TC02_LoginTest@4f209819]" started-at="2020-05-18T18:31:24 EDT" name="loginTest02" finished-at="2020-05-18T18:33:08 EDT" duration-ms="104122" status="PASS">
          <reporter-output>
            <line>
              <![CDATA[Screen Shot Taken]]>
            </line>
          </reporter-output>
        </test-method> <!-- loginTest02 -->
        <test-method is-config="true" signature="endTest()[pri:0, instance:testCases.TC02_LoginTest@4f209819]" started-at="2020-05-18T18:33:20 EDT" name="endTest" finished-at="2020-05-18T18:33:22 EDT" duration-ms="1677" status="PASS">
          <reporter-output>
          </reporter-output>
        </test-method> <!-- endTest -->
      </class> <!-- testCases.TC02_LoginTest -->
    </test> <!-- Test -->
  </suite> <!-- Suite -->
</testng-results>
